0 info it worked if it ends with ok
1 verbose cli [ 'D:\\Program Files (x86)\\nodejs\\node.exe',
1 verbose cli   'C:\\Users\\Ryan\\AppData\\Roaming\\npm\\node_modules\\npm\\bin\\npm-cli.js',
1 verbose cli   'start' ]
2 info using npm@3.10.9
3 info using node@v8.9.1
4 verbose run-script [ 'prestart', 'start', 'poststart' ]
5 info lifecycle vuejsexpress@1.0.0~prestart: vuejsexpress@1.0.0
6 silly lifecycle vuejsexpress@1.0.0~prestart: no script for prestart, continuing
7 info lifecycle vuejsexpress@1.0.0~start: vuejsexpress@1.0.0
8 verbose lifecycle vuejsexpress@1.0.0~start: unsafe-perm in lifecycle true
9 verbose lifecycle vuejsexpress@1.0.0~start: PATH: C:\Users\Ryan\AppData\Roaming\npm\node_modules\npm\bin\node-gyp-bin;D:\Map-Tool\node_modules\.bin;C:\ProgramData\Oracle\Java\javapath;C:\Program Files (x86)\Intel\iCLS Client\;C:\Program Files\Intel\iCLS Client\;C:\Windows\system32;C:\Windows;C:\Windows\System32\Wbem;C:\Windows\System32\WindowsPowerShell\v1.0\;C:\Program Files (x86)\Intel\Intel(R) Management Engine Components\DAL;C:\Program Files\Intel\Intel(R) Management Engine Components\DAL;C:\Program Files (x86)\Intel\Intel(R) Management Engine Components\IPT;C:\Program Files\Intel\Intel(R) Management Engine Components\IPT;C:\WINDOWS\system32;C:\WINDOWS;C:\WINDOWS\System32\Wbem;C:\WINDOWS\System32\WindowsPowerShell\v1.0\;F:\Git\cmd;F:\Program Files\nodejs\;E:\Program Files (x86)\WinMerge;C:\Program Files (x86)\Skype\Phone\;C:\Program Files (x86)\NVIDIA Corporation\PhysX\Common;C:\WINDOWS\system32;C:\WINDOWS;C:\WINDOWS\System32\Wbem;C:\WINDOWS\System32\WindowsPowerShell\v1.0\;D:\Program Files (x86)\nodejs\;C:\Users\Ryan\AppData\Local\Microsoft\WindowsApps;C:\Users\Ryan\AppData\Roaming\npm;C:\Users\Ryan\AppData\Local\GitHubDesktop\bin
10 verbose lifecycle vuejsexpress@1.0.0~start: CWD: D:\Map-Tool
11 silly lifecycle vuejsexpress@1.0.0~start: Args: [ '/d /s /c', 'webpack-dev-server' ]
12 silly lifecycle vuejsexpress@1.0.0~start: Returned: code: 3221225786  signal: null
13 info lifecycle vuejsexpress@1.0.0~start: Failed to exec start script
14 verbose stack Error: vuejsexpress@1.0.0 start: `webpack-dev-server`
14 verbose stack Exit status 3221225786
14 verbose stack     at EventEmitter.<anonymous> (C:\Users\Ryan\AppData\Roaming\npm\node_modules\npm\lib\utils\lifecycle.js:255:16)
14 verbose stack     at emitTwo (events.js:126:13)
14 verbose stack     at EventEmitter.emit (events.js:214:7)
14 verbose stack     at ChildProcess.<anonymous> (C:\Users\Ryan\AppData\Roaming\npm\node_modules\npm\lib\utils\spawn.js:40:14)
14 verbose stack     at emitTwo (events.js:126:13)
14 verbose stack     at ChildProcess.emit (events.js:214:7)
14 verbose stack     at maybeClose (internal/child_process.js:925:16)
14 verbose stack     at Process.ChildProcess._handle.onexit (internal/child_process.js:209:5)
15 verbose pkgid vuejsexpress@1.0.0
16 verbose cwd D:\Map-Tool
17 error Windows_NT 10.0.16299
18 error argv "D:\\Program Files (x86)\\nodejs\\node.exe" "C:\\Users\\Ryan\\AppData\\Roaming\\npm\\node_modules\\npm\\bin\\npm-cli.js" "start"
19 error node v8.9.1
20 error npm  v3.10.9
21 error code ELIFECYCLE
22 error vuejsexpress@1.0.0 start: `webpack-dev-server`
22 error Exit status 3221225786
23 error Failed at the vuejsexpress@1.0.0 start script 'webpack-dev-server'.
23 error Make sure you have the latest version of node.js and npm installed.
23 error If you do, this is most likely a problem with the vuejsexpress package,
23 error not with npm itself.
23 error Tell the author that this fails on your system:
23 error     webpack-dev-server
23 error You can get information on how to open an issue for this project with:
23 error     npm bugs vuejsexpress
23 error Or if that isn't available, you can get their info via:
23 error     npm owner ls vuejsexpress
23 error There is likely additional logging output above.
24 verbose exit [ 1, true ]
